::1 - - [14/Nov/2023:05:19:44 +0000] "GET / HTTP/1.1" 200 6743
::1 - - [14/Nov/2023:05:19:44 +0000] "GET /css/index.css HTTP/1.1" 200 1673
::1 - - [14/Nov/2023:05:19:44 +0000] "GET /images/titleIMG.jpg HTTP/1.1" 200 93953
::1 - - [14/Nov/2023:05:19:45 +0000] "GET /favicon.ico HTTP/1.1" 404 2179
::1 - - [14/Nov/2023:05:21:44 +0000] "GET / HTTP/1.1" 200 6755
::1 - - [14/Nov/2023:05:21:44 +0000] "GET /css/index.css HTTP/1.1" 304 -
::1 - - [14/Nov/2023:05:21:44 +0000] "GET /images/titleIMG.jpg HTTP/1.1" 304 -
::1 - - [15/Nov/2023:07:00:39 +0000] "GET / HTTP/1.1" 200 6755
::1 - - [15/Nov/2023:07:00:39 +0000] "GET /css/index.css HTTP/1.1" 200 1673
::1 - - [15/Nov/2023:07:00:39 +0000] "GET /images/titleIMG.jpg HTTP/1.1" 200 93953
::1 - - [17/Nov/2023:02:50:17 +0000] "GET / HTTP/1.1" 304 -
::1 - - [17/Nov/2023:02:50:17 +0000] "GET /css/index.css HTTP/1.1" 200 1673
::1 - - [17/Nov/2023:02:50:17 +0000] "GET /images/titleIMG.jpg HTTP/1.1" 200 93953
::1 - - [17/Nov/2023:02:50:18 +0000] "GET /favicon.ico HTTP/1.1" 404 2179
::1 - - [17/Nov/2023:02:50:20 +0000] "POST /ajax/auto HTTP/1.1" 200 2
::1 - - [17/Nov/2023:02:50:20 +0000] "POST /ajax/auto HTTP/1.1" 200 2
::1 - - [17/Nov/2023:02:53:24 +0000] "POST /ajax/auto HTTP/1.1" 200 635
::1 - - [17/Nov/2023:02:53:25 +0000] "POST /ajax/auto HTTP/1.1" 200 635
::1 - - [17/Nov/2023:02:53:26 +0000] "GET /search?name=%EB%82%99%EC%9B%90%EA%B5%90%ED%9A%8C HTTP/1.1" 500 1587
::1 - - [17/Nov/2023:02:57:36 +0000] "GET /search?name=%EB%82%99%EC%9B%90%EA%B5%90%ED%9A%8C HTTP/1.1" 200 18515
::1 - - [17/Nov/2023:02:57:36 +0000] "GET /css/jumbotron.css HTTP/1.1" 200 1881
::1 - - [17/Nov/2023:02:57:36 +0000] "GET /js/popper.min.js HTTP/1.1" 200 20342
::1 - - [17/Nov/2023:02:57:36 +0000] "GET /css/schoolPage.css HTTP/1.1" 200 267
::1 - - [17/Nov/2023:02:57:36 +0000] "GET /css/bootstrap.min.css HTTP/1.1" 200 140942
::1 - - [17/Nov/2023:02:57:36 +0000] "GET /js/schoolPage.js HTTP/1.1" 200 11169
::1 - - [17/Nov/2023:02:57:36 +0000] "GET /js/bootstrap.min.js HTTP/1.1" 200 51045
::1 - - [17/Nov/2023:02:57:36 +0000] "GET /js/common.js HTTP/1.1" 200 436
::1 - - [17/Nov/2023:02:57:36 +0000] "POST /ajax/search HTTP/1.1" 200 635
::1 - - [17/Nov/2023:02:57:36 +0000] "POST /ajax/inquiry_board HTTP/1.1" 200 2
::1 - - [17/Nov/2023:02:57:57 +0000] "POST /ajax/create_board HTTP/1.1" 200 4
::1 - - [17/Nov/2023:02:57:57 +0000] "POST /ajax/inquiry_board HTTP/1.1" 200 2
::1 - - [17/Nov/2023:02:59:20 +0000] "POST /ajax/create_board HTTP/1.1" 200 4
::1 - - [17/Nov/2023:02:59:20 +0000] "POST /ajax/inquiry_board HTTP/1.1" 200 2
::1 - - [17/Nov/2023:03:00:07 +0000] "GET /search?name=%EB%82%99%EC%9B%90%EA%B5%90%ED%9A%8C HTTP/1.1" 304 -
::1 - - [17/Nov/2023:03:00:07 +0000] "GET /css/bootstrap.min.css HTTP/1.1" 304 -
::1 - - [17/Nov/2023:03:00:08 +0000] "GET /css/jumbotron.css HTTP/1.1" 304 -
::1 - - [17/Nov/2023:03:00:08 +0000] "GET /js/popper.min.js HTTP/1.1" 304 -
::1 - - [17/Nov/2023:03:00:08 +0000] "GET /css/schoolPage.css HTTP/1.1" 304 -
::1 - - [17/Nov/2023:03:00:08 +0000] "GET /js/bootstrap.min.js HTTP/1.1" 304 -
::1 - - [17/Nov/2023:03:00:08 +0000] "GET /js/schoolPage.js HTTP/1.1" 304 -
::1 - - [17/Nov/2023:03:00:08 +0000] "GET /js/common.js HTTP/1.1" 304 -
::1 - - [17/Nov/2023:03:00:08 +0000] "POST /ajax/search HTTP/1.1" 200 635
::1 - - [17/Nov/2023:03:00:08 +0000] "POST /ajax/inquiry_board HTTP/1.1" 200 2
::1 - - [17/Nov/2023:03:00:16 +0000] "POST /ajax/create_board HTTP/1.1" 200 4
::1 - - [17/Nov/2023:03:00:16 +0000] "POST /ajax/inquiry_board HTTP/1.1" 200 2
::1 - - [17/Nov/2023:03:00:23 +0000] "GET /search?name=%EB%82%99%EC%9B%90%EA%B5%90%ED%9A%8C HTTP/1.1" 304 -
::1 - - [17/Nov/2023:03:00:23 +0000] "GET /css/bootstrap.min.css HTTP/1.1" 304 -
::1 - - [17/Nov/2023:03:00:23 +0000] "GET /css/jumbotron.css HTTP/1.1" 304 -
::1 - - [17/Nov/2023:03:00:23 +0000] "GET /js/popper.min.js HTTP/1.1" 304 -
::1 - - [17/Nov/2023:03:00:23 +0000] "GET /css/schoolPage.css HTTP/1.1" 304 -
::1 - - [17/Nov/2023:03:00:23 +0000] "GET /js/bootstrap.min.js HTTP/1.1" 304 -
::1 - - [17/Nov/2023:03:00:23 +0000] "GET /js/schoolPage.js HTTP/1.1" 304 -
::1 - - [17/Nov/2023:03:00:23 +0000] "GET /js/common.js HTTP/1.1" 304 -
::1 - - [17/Nov/2023:03:00:24 +0000] "POST /ajax/search HTTP/1.1" 200 635
::1 - - [17/Nov/2023:03:00:24 +0000] "POST /ajax/inquiry_board HTTP/1.1" 200 2
::1 - - [17/Nov/2023:03:00:40 +0000] "POST /ajax/create_board HTTP/1.1" 200 4
::1 - - [17/Nov/2023:03:00:40 +0000] "POST /ajax/inquiry_board HTTP/1.1" 200 2
::1 - - [17/Nov/2023:03:01:35 +0000] "POST /ajax/create_board HTTP/1.1" 200 98
::1 - - [17/Nov/2023:03:01:35 +0000] "POST /ajax/inquiry_board HTTP/1.1" 200 210
::1 - - [17/Nov/2023:03:01:36 +0000] "POST /board/1 HTTP/1.1" 200 13375
::1 - - [17/Nov/2023:03:01:36 +0000] "GET /css/bootstrap.min.css HTTP/1.1" 304 -
::1 - - [17/Nov/2023:03:01:36 +0000] "GET /css/jumbotron.css HTTP/1.1" 304 -
::1 - - [17/Nov/2023:03:01:36 +0000] "GET /css/board.css HTTP/1.1" 200 3135
::1 - - [17/Nov/2023:03:01:36 +0000] "GET /js/Board.js HTTP/1.1" 200 35687
::1 - - [17/Nov/2023:03:01:37 +0000] "POST /ajax/board_detail HTTP/1.1" 200 397
::1 - - [17/Nov/2023:03:01:37 +0000] "POST /ajax/get_board_comment HTTP/1.1" 200 2
::1 - - [17/Nov/2023:03:01:45 +0000] "POST /ajax/board_comment HTTP/1.1" 200 4
::1 - - [17/Nov/2023:03:02:11 +0000] "POST /board/1 HTTP/1.1" 200 13375
::1 - - [17/Nov/2023:03:02:11 +0000] "GET /css/bootstrap.min.css HTTP/1.1" 304 -
::1 - - [17/Nov/2023:03:02:11 +0000] "GET /css/jumbotron.css HTTP/1.1" 304 -
::1 - - [17/Nov/2023:03:02:11 +0000] "GET /css/board.css HTTP/1.1" 304 -
::1 - - [17/Nov/2023:03:02:11 +0000] "GET /js/Board.js HTTP/1.1" 304 -
::1 - - [17/Nov/2023:03:02:11 +0000] "POST /ajax/board_detail HTTP/1.1" 200 235
::1 - - [17/Nov/2023:03:02:11 +0000] "POST /ajax/get_board_comment HTTP/1.1" 200 2
::1 - - [17/Nov/2023:03:02:20 +0000] "POST /ajax/board_comment HTTP/1.1" 200 4
::1 - - [17/Nov/2023:03:02:22 +0000] "POST /ajax/board_comment HTTP/1.1" 200 4
::1 - - [17/Nov/2023:03:02:37 +0000] "POST /board/1 HTTP/1.1" 200 13375
::1 - - [17/Nov/2023:03:02:37 +0000] "GET /css/bootstrap.min.css HTTP/1.1" 304 -
::1 - - [17/Nov/2023:03:02:37 +0000] "GET /css/jumbotron.css HTTP/1.1" 304 -
::1 - - [17/Nov/2023:03:02:37 +0000] "GET /css/board.css HTTP/1.1" 304 -
::1 - - [17/Nov/2023:03:02:37 +0000] "GET /js/Board.js HTTP/1.1" 304 -
::1 - - [17/Nov/2023:03:02:37 +0000] "POST /ajax/board_detail HTTP/1.1" 200 235
::1 - - [17/Nov/2023:03:02:37 +0000] "POST /ajax/get_board_comment HTTP/1.1" 200 2
::1 - - [17/Nov/2023:03:02:45 +0000] "POST /ajax/board_comment HTTP/1.1" 200 4
::1 - - [17/Nov/2023:03:03:05 +0000] "POST /ajax/board_comment HTTP/1.1" 200 4
::1 - - [17/Nov/2023:03:03:06 +0000] "POST /ajax/board_comment HTTP/1.1" 200 4
::1 - - [17/Nov/2023:03:03:13 +0000] "POST /board/1 HTTP/1.1" 200 13375
::1 - - [17/Nov/2023:03:03:13 +0000] "GET /css/bootstrap.min.css HTTP/1.1" 304 -
::1 - - [17/Nov/2023:03:03:13 +0000] "GET /css/jumbotron.css HTTP/1.1" 304 -
::1 - - [17/Nov/2023:03:03:13 +0000] "GET /css/board.css HTTP/1.1" 304 -
::1 - - [17/Nov/2023:03:03:13 +0000] "GET /js/Board.js HTTP/1.1" 304 -
::1 - - [17/Nov/2023:03:03:13 +0000] "POST /ajax/board_detail HTTP/1.1" 200 235
::1 - - [17/Nov/2023:03:03:13 +0000] "POST /ajax/get_board_comment HTTP/1.1" 200 2
::1 - - [17/Nov/2023:03:03:19 +0000] "POST /ajax/board_comment HTTP/1.1" 200 4
::1 - - [17/Nov/2023:03:04:39 +0000] "POST /board/1 HTTP/1.1" 200 13375
::1 - - [17/Nov/2023:03:04:39 +0000] "GET /css/bootstrap.min.css HTTP/1.1" 304 -
::1 - - [17/Nov/2023:03:04:39 +0000] "GET /css/jumbotron.css HTTP/1.1" 304 -
::1 - - [17/Nov/2023:03:04:39 +0000] "GET /css/board.css HTTP/1.1" 304 -
::1 - - [17/Nov/2023:03:04:39 +0000] "GET /js/Board.js HTTP/1.1" 304 -
::1 - - [17/Nov/2023:03:04:39 +0000] "POST /ajax/board_detail HTTP/1.1" 200 235
::1 - - [17/Nov/2023:03:04:39 +0000] "POST /ajax/get_board_comment HTTP/1.1" 200 2
::1 - - [17/Nov/2023:03:07:18 +0000] "POST /board/1 HTTP/1.1" 200 13375
::1 - - [17/Nov/2023:03:07:19 +0000] "GET /css/bootstrap.min.css HTTP/1.1" 304 -
::1 - - [17/Nov/2023:03:07:19 +0000] "GET /css/jumbotron.css HTTP/1.1" 304 -
::1 - - [17/Nov/2023:03:07:19 +0000] "GET /css/board.css HTTP/1.1" 304 -
::1 - - [17/Nov/2023:03:07:19 +0000] "GET /js/Board.js HTTP/1.1" 304 -
::1 - - [17/Nov/2023:03:07:19 +0000] "POST /ajax/board_detail HTTP/1.1" 200 235
::1 - - [17/Nov/2023:03:07:19 +0000] "POST /ajax/get_board_comment HTTP/1.1" 200 2
::1 - - [17/Nov/2023:03:07:29 +0000] "POST /ajax/board_comment HTTP/1.1" 200 98
::1 - - [17/Nov/2023:05:08:38 +0000] "GET / HTTP/1.1" 304 -
::1 - - [17/Nov/2023:05:08:38 +0000] "GET /css/index.css HTTP/1.1" 200 1673
::1 - - [17/Nov/2023:05:08:38 +0000] "GET /images/titleIMG.jpg HTTP/1.1" 200 93953
::1 - - [17/Nov/2023:05:11:46 +0000] "GET / HTTP/1.1" 304 -
::1 - - [17/Nov/2023:05:11:46 +0000] "GET /css/index.css HTTP/1.1" 304 -
::1 - - [17/Nov/2023:05:11:46 +0000] "GET /images/titleIMG.jpg HTTP/1.1" 304 -
::1 - - [17/Nov/2023:05:14:35 +0000] "POST /ajax/auto HTTP/1.1" 200 635
::1 - - [17/Nov/2023:05:14:35 +0000] "POST /ajax/auto HTTP/1.1" 200 635
::1 - - [17/Nov/2023:05:14:37 +0000] "GET /search?name=%EB%82%99%EC%9B%90%EA%B5%90%ED%9A%8C HTTP/1.1" 304 -
::1 - - [17/Nov/2023:05:14:37 +0000] "GET /css/bootstrap.min.css HTTP/1.1" 304 -
::1 - - [17/Nov/2023:05:14:37 +0000] "GET /css/jumbotron.css HTTP/1.1" 304 -
::1 - - [17/Nov/2023:05:14:37 +0000] "GET /css/schoolPage.css HTTP/1.1" 304 -
::1 - - [17/Nov/2023:05:14:37 +0000] "GET /js/popper.min.js HTTP/1.1" 304 -
::1 - - [17/Nov/2023:05:14:37 +0000] "GET /js/bootstrap.min.js HTTP/1.1" 304 -
::1 - - [17/Nov/2023:05:14:37 +0000] "GET /js/schoolPage.js HTTP/1.1" 304 -
::1 - - [17/Nov/2023:05:14:37 +0000] "GET /js/common.js HTTP/1.1" 304 -
::1 - - [17/Nov/2023:05:14:37 +0000] "POST /ajax/search HTTP/1.1" 200 635
::1 - - [17/Nov/2023:05:14:37 +0000] "POST /ajax/inquiry_board HTTP/1.1" 200 210
::1 - - [17/Nov/2023:05:15:32 +0000] "GET /search?name=%EB%82%99%EC%9B%90%EA%B5%90%ED%9A%8C HTTP/1.1" 200 18515
::1 - - [17/Nov/2023:05:15:52 +0000] "GET /search?name= HTTP/1.1" 200 18503
::1 - - [17/Nov/2023:05:17:06 +0000] "GET /search?name=%EB%82%99%EC%9B%90%EA%B5%90%ED%9A%8C HTTP/1.1" 200 18515
::1 - - [17/Nov/2023:05:17:17 +0000] "GET /board/ HTTP/1.1" 404 2179
::1 - - [17/Nov/2023:05:17:19 +0000] "GET /board/ HTTP/1.1" 404 2179
::1 - - [17/Nov/2023:05:17:19 +0000] "GET /board/ HTTP/1.1" 404 2179
::1 - - [17/Nov/2023:05:17:23 +0000] "GET / HTTP/1.1" 200 6755
::1 - - [17/Nov/2023:05:17:26 +0000] "GET / HTTP/1.1" 200 6755
::1 - - [17/Nov/2023:05:17:48 +0000] "GET /board/ HTTP/1.1" 404 2179
