2025-01-29 22:32:35 [INFO] GET /
2025-01-29 22:33:03 [INFO] GET /search/school?univName=%EC%84%9C%EC%9A%B8%EB%8C%80%ED%95%99%EA%B5%90
2025-01-29 22:33:03 [INFO] GET /board/?UnivNo=1
2025-01-29 22:33:06 [INFO] GET /search/auto?keyword=t
2025-01-29 22:33:07 [INFO] GET /search/auto?keyword=%EC%84%9C
2025-01-29 22:36:05 [INFO] GET /search/auto?keyword=t
2025-01-29 22:36:06 [INFO] GET /search/auto?keyword=%EC%84%9C
2025-01-29 22:36:07 [INFO] GET /search/auto?keyword=%EC%84%9C%EC%9A%B8%EB%8C%80%ED%95%99%EA%B5%90
2025-01-29 22:36:09 [INFO] GET /search/school?univName=%EC%84%9C%EC%9A%B8%EB%8C%80%ED%95%99%EA%B5%90
2025-01-29 22:36:09 [INFO] GET /board/?UnivNo=1
2025-01-29 22:37:24 [INFO] GET /search/school?univName=%EC%84%9C%EC%9A%B8%EB%8C%80%ED%95%99%EA%B5%90
2025-01-29 22:37:24 [INFO] GET /board/?UnivNo=1
2025-01-29 22:37:32 [INFO] GET /search/school?univName=%EC%84%9C%EC%9A%B8%EB%8C%80%ED%95%99%EA%B5%90
2025-01-29 22:37:32 [INFO] GET /board/?UnivNo=1
2025-01-29 22:37:34 [INFO] GET /search/school?univName=%EC%84%9C%EC%9A%B8%EB%8C%80%ED%95%99%EA%B5%90
2025-01-29 22:37:34 [INFO] GET /board/?UnivNo=1
2025-01-29 22:38:05 [INFO] GET /search/school?univName=%EC%84%9C%EC%9A%B8%EB%8C%80%ED%95%99%EA%B5%90
2025-01-29 22:38:05 [INFO] GET /board/?UnivNo=1
2025-01-29 22:38:28 [INFO] GET /search/school?univName=%EC%84%9C%EC%9A%B8%EB%8C%80%ED%95%99%EA%B5%90
2025-01-29 22:38:28 [INFO] GET /board/?UnivNo=1
